Using pre-set license
Built from '2020.3/staging' branch; Version is '2020.3.3f1 (76626098c1c4) revision 7758432'; Using compiler version '192528614'; Build Type 'Release'
OS: 'Windows 10 Home Single Language; OS build 19042.1110; Version 2009; 64bit' Language: 'ru' Physical Memory: 3964 MB
BatchMode: 1, IsHumanControllingUs: 0, StartBugReporterOnCrash: 0, Is64bit: 1, IsPro: 0

 COMMAND LINE ARGUMENTS:
C:\Program Files\Unity\Hub\Editor\2020.3.3f1\Editor\Unity.exe
-adb2
-batchMode
-noUpm
-name
AssetImportWorker3
-projectPath
C:/Projects/Unity/My Games/Das Kitchen
-logFile
Logs/AssetImportWorker3.log
-srvPort
54436
Successfully changed project path to: C:/Projects/Unity/My Games/Das Kitchen
C:/Projects/Unity/My Games/Das Kitchen
Using Asset Import Pipeline V2.
Refreshing native plugins compatible for Editor in 97.71 ms, found 1 plugins.
Preloading 0 native plugins for Editor in 0.00 ms.
Initialize engine version: 2020.3.3f1 (76626098c1c4)
[Subsystems] Discovering subsystems at path C:/Program Files/Unity/Hub/Editor/2020.3.3f1/Editor/Data/Resources/UnitySubsystems
[Subsystems] Discovering subsystems at path C:/Projects/Unity/My Games/Das Kitchen/Assets
GfxDevice: creating device client; threaded=0
Direct3D:
    Version:  Direct3D 11.0 [level 11.1]
    Renderer: AMD Radeon(TM) R4 Graphics (ID=0x98e4)
    Vendor:   
    VRAM:     1982 MB
    Driver:   27.20.1028.1
Initialize mono
Mono path[0] = 'C:/Program Files/Unity/Hub/Editor/2020.3.3f1/Editor/Data/Managed'
Mono path[1] = 'C:/Program Files/Unity/Hub/Editor/2020.3.3f1/Editor/Data/MonoBleedingEdge/lib/mono/unityjit'
Mono config path = 'C:/Program Files/Unity/Hub/Editor/2020.3.3f1/Editor/Data/MonoBleedingEdge/etc'
Using monoOptions --debugger-agent=transport=dt_socket,embedding=1,server=y,suspend=n,address=127.0.0.1:56320
Begin MonoManager ReloadAssembly
Registering precompiled unity dll's ...
Register platform support module: C:/Program Files/Unity/Hub/Editor/2020.3.3f1/Editor/Data/PlaybackEngines/WindowsStandaloneSupport/UnityEditor.WindowsStandalone.Extensions.dll
Registered in 0.004634 seconds.
Native extension for WindowsStandalone target not found
Refreshing native plugins compatible for Editor in 113.16 ms, found 1 plugins.
Preloading 0 native plugins for Editor in 0.00 ms.
Invoked RoslynAnalysisRunner static constructor.
RoslynAnalysisRunner will not be running.
RoslynAnalysisRunner has terminated.
Mono: successfully reloaded assembly
- Completed reload, in  5.002 seconds
Platform modules already initialized, skipping
Registering precompiled user dll's ...
Registered in 0.004298 seconds.
Begin MonoManager ReloadAssembly
Native extension for WindowsStandalone target not found
Refreshing native plugins compatible for Editor in 97.87 ms, found 1 plugins.
Preloading 0 native plugins for Editor in 0.00 ms.
Invoked RoslynAnalysisRunner static constructor.
RoslynAnalysisRunner will not be running.
RoslynAnalysisRunner has terminated.
Mono: successfully reloaded assembly
- Completed reload, in  3.957 seconds
Platform modules already initialized, skipping
========================================================================
Worker process is ready to serve import requests
Launched and connected shader compiler UnityShaderCompiler.exe after 0.19 seconds
Refreshing native plugins compatible for Editor in 1.13 ms, found 1 plugins.
Preloading 0 native plugins for Editor in 0.00 ms.
Unloading 1827 Unused Serialized files (Serialized files now loaded: 0)
System memory in use before: 87.0 MB.
System memory in use after: 87.0 MB.

Unloading 24 unused Assets to reduce memory usage. Loaded Objects now: 2276.
Total: 9.513100 ms (FindLiveObjects: 0.759900 ms CreateObjectMapping: 0.378000 ms MarkObjects: 7.385200 ms  DeleteObjects: 0.984900 ms)

========================================================================
Received Prepare
Refreshing native plugins compatible for Editor in 25.98 ms, found 1 plugins.
Preloading 0 native plugins for Editor in 0.00 ms.
Unloading 10 Unused Serialized files (Serialized files now loaded: 0)
System memory in use before: 51.0 MB.
System memory in use after: 50.9 MB.

Unloading 10 unused Assets to reduce memory usage. Loaded Objects now: 2276.
Total: 9.224900 ms (FindLiveObjects: 1.010700 ms CreateObjectMapping: 0.368300 ms MarkObjects: 7.553700 ms  DeleteObjects: 0.287900 ms)

========================================================================
Received Import Request.
  path: Assets/Scenes/icon.png
  artifactKey: Guid(3816f7727becd094bae058869ca445fe) Importer(815301076,1909f56bfc062723c751e8b465ee728b)
Start importing Assets/Scenes/icon.png using Guid(3816f7727becd094bae058869ca445fe) Importer(815301076,1909f56bfc062723c751e8b465ee728b)  -> (artifact id: 'a96545acf261c54c13498e73d20852f6') in 1.224956 seconds
  Import took 1.298682 seconds .

========================================================================
Received Import Request.
  Time since last request: 1.622050 seconds.
  path: Assets/Scenes/icon.png
  artifactKey: Guid(3816f7727becd094bae058869ca445fe) Importer(815301076,1909f56bfc062723c751e8b465ee728b)
Start importing Assets/Scenes/icon.png using Guid(3816f7727becd094bae058869ca445fe) Importer(815301076,1909f56bfc062723c751e8b465ee728b)  -> (artifact id: 'a96545acf261c54c13498e73d20852f6') in 0.518033 seconds
  Import took 0.804298 seconds .

AssetImportWorkerClient::OnTransportError - code=2 error=End of file
